member_grade_change : 0

new_member_grade_update : 0

success member_grade_changemember_grade_change : 0

new_member_grade_update : 0

success member_grade_changemember_grade_change : ok

member_reportdate_change : okmember_grade_change : ok

member_reportdate_change : okmember_grade_change : ok

member_reportdate_change : okmember_grade_change : ok

member_reportdate_change : okmember_grade_change : ok

member_reportdate_change : okmember_grade_change : ok

member_reportdate_change : okmember_grade_change : ok

member_reportdate_change : okmember_grade_change : ok

member_reportdate_change : okmember_grade_change : ok

member_reportdate_change : okmember_grade_change : ok

member_reportdate_change : okmember_grade_change : ok

member_reportdate_change : okmember_grade_change : ok

member_reportdate_change : okmember_grade_change : ok

member_reportdate_change : okmember_grade_change : ok

member_reportdate_change : okmember_grade_change : ok

member_reportdate_change : okmember_grade_change : ok

member_reportdate_change : okmember_grade_change : ok

member_reportdate_change : okmember_grade_change : ok

member_reportdate_change : okmember_grade_change : ok

member_reportdate_change : okmember_grade_change : ok

member_reportdate_change : okmember_grade_change : ok

member_reportdate_change : okmember_grade_change : ok

member_reportdate_change : okmember_grade_change : ok

member_reportdate_change : okmember_grade_change : ok

member_reportdate_change : okmember_grade_change : ok

member_reportdate_change : okmember_grade_change : ok

member_reportdate_change : okmember_grade_change : ok

member_reportdate_change : okmember_grade_change : ok

member_reportdate_change : okmember_grade_change : ok

member_reportdate_change : okmember_grade_change : ok

member_reportdate_change : okmember_grade_change : ok

member_reportdate_change : okmember_grade_change : ok

member_reportdate_change : okmember_grade_change : ok

member_reportdate_change : okmember_grade_change : ok

member_reportdate_change : okmember_grade_change : ok

member_reportdate_change : okmember_grade_change : ok

member_reportdate_change : okmember_grade_change : ok

member_reportdate_change : okmember_grade_change : ok

member_reportdate_change : okmember_grade_change : ok

member_reportdate_change : okmember_grade_change : ok

member_reportdate_change : okmember_grade_change : ok

member_reportdate_change : okmember_grade_change : ok

member_reportdate_change : okmember_grade_change : ok

member_reportdate_change : okmember_grade_change : ok

member_reportdate_change : okmember_grade_change : ok

member_reportdate_change : okmember_grade_change : ok

member_reportdate_change : okmember_grade_change : ok

member_reportdate_change : okmember_grade_change : ok

member_reportdate_change : okmember_grade_change : ok

member_reportdate_change : ok2018-03-09 01:00:01 실행 
member_grade_change : ok
member_reportdate_change : ok
=======================
2018-03-10 01:00:01 실행 
member_grade_change : ok
member_reportdate_change : ok
=======================
2018-03-11 01:00:01 실행 
member_grade_change : ok
member_reportdate_change : ok
=======================
2018-03-12 01:00:01 실행 
member_grade_change : ok
member_reportdate_change : ok
=======================
2018-03-13 01:00:01 실행 
member_grade_change : ok
member_reportdate_change : ok
=======================
2018-03-14 01:00:01 실행 
member_grade_change : ok
member_reportdate_change : ok
=======================
2018-03-15 01:00:01 실행 
member_grade_change : ok
member_reportdate_change : ok
=======================
2018-03-16 00:00:01 실행 
member_grade_change : ok
member_reportdate_change : ok
=======================
2018-03-17 00:00:02 실행 
member_grade_change : ok
member_reportdate_change : ok
=======================
2018-03-18 00:00:02 실행 
member_grade_change : ok
member_reportdate_change : ok
=======================
2018-03-19 00:00:01 실행 
member_grade_change : ok
member_reportdate_change : ok
=======================
