=================================
2018-01-17 15:00:01 실행 
=================================
game : mega millions 

        INSERT INTO NUMBER_HISTORY (game, drawDt, whiteBall1, whiteBall2, whiteBall3, whiteBall4, whiteBall5, powerBall, powerPlay, winningPrize, cashValue) VALUES 
        ('mm', '2018-01-16', '3', '11', '23', '29', '59', 18, 3, 50000000, 31000000)
         
save_number_history : true 
prize update success : 0 
prize update fail : 0 
success update_user_game 
=================================
2018-01-17 15:10:01 실행 
=================================
game : mega millions 
save_number_history : true 
prize update success : 0 
prize update fail : 0 
success update_user_game 
=================================
2018-01-17 15:20:01 실행 
=================================
game : mega millions 
save_number_history : true 
prize update success : 0 
prize update fail : 0 
success update_user_game 
=================================
2018-01-17 15:30:01 실행 
=================================
game : mega millions 
save_number_history : true 
prize update success : 0 
prize update fail : 0 
success update_user_game 
=================================
2018-01-18 15:00:01 실행 
=================================
game : powerball 

        INSERT INTO NUMBER_HISTORY (game, drawDt, whiteBall1, whiteBall2, whiteBall3, whiteBall4, whiteBall5, powerBall, powerPlay, winningPrize, cashValue) VALUES 
        ('pb', '2018-01-17', '3', '33', '37', '51', '57', 21, 2, 0, 0)
         
save_number_history : true 
prize update success : 0 
prize update fail : 0 
success update_user_game 
=================================
2018-01-18 15:10:01 실행 
=================================
game : powerball 
save_number_history : true 
prize update success : 0 
prize update fail : 0 
success update_user_game 
=================================
2018-01-18 15:20:01 실행 
=================================
game : powerball 
save_number_history : true 
prize update success : 0 
prize update fail : 0 
success update_user_game 
=================================
2018-01-18 15:30:01 실행 
=================================
game : powerball 
save_number_history : true 
prize update success : 0 
prize update fail : 0 
success update_user_game 
=================================
2018-01-20 15:00:01 실행 
=================================
game : mega millions 

        INSERT INTO NUMBER_HISTORY (game, drawDt, whiteBall1, whiteBall2, whiteBall3, whiteBall4, whiteBall5, powerBall, powerPlay, winningPrize, cashValue) VALUES 
        ('mm', '2018-01-19', '3', '17', '23', '49', '66', 23, 3, 55000000, 33600000)
         
save_number_history : true 
prize update success : 0 
prize update fail : 0 
success update_user_game 
=================================
2018-01-20 15:10:01 실행 
=================================
game : mega millions 
save_number_history : true 
prize update success : 0 
prize update fail : 0 
success update_user_game 
=================================
2018-01-20 15:20:01 실행 
=================================
game : mega millions 
save_number_history : true 
prize update success : 0 
prize update fail : 0 
success update_user_game 
=================================
2018-01-20 15:30:01 실행 
=================================
game : mega millions 
save_number_history : true 
prize update success : 0 
prize update fail : 0 
success update_user_game 
=================================
2018-01-21 15:00:01 실행 
=================================
game : powerball 

        INSERT INTO NUMBER_HISTORY (game, drawDt, whiteBall1, whiteBall2, whiteBall3, whiteBall4, whiteBall5, powerBall, powerPlay, winningPrize, cashValue) VALUES 
        ('pb', '2018-01-20', '26', '28', '47', '49', '58', 3, 4, 0, 0)
         
save_number_history : true 
prize update success : 0 
prize update fail : 0 
success update_user_game 
=================================
2018-01-21 15:10:01 실행 
=================================
game : powerball 
save_number_history : true 
prize update success : 0 
prize update fail : 0 
success update_user_game 
=================================
2018-01-21 15:20:01 실행 
=================================
game : powerball 
save_number_history : true 
prize update success : 0 
prize update fail : 0 
success update_user_game 
=================================
2018-01-21 15:30:01 실행 
=================================
game : powerball 
save_number_history : true 
prize update success : 0 
prize update fail : 0 
success update_user_game 
2018-01-24 01:00:01 실행 
save_number_history : true
 success update_user_gamePHP Notice:  Undefined variable: db in /home/batch/number_history.php on line 228
PHP Warning:  mysqli_close() expects parameter 1 to be mysqli, null given in /home/batch/number_history.php on line 228
2018-01-24 01:05:01 실행 
save_number_history : true
 success update_user_gamePHP Notice:  Undefined variable: db in /home/batch/number_history.php on line 228
PHP Warning:  mysqli_close() expects parameter 1 to be mysqli, null given in /home/batch/number_history.php on line 228
2018-01-24 01:10:01 실행 
save_number_history : true
 success update_user_gamePHP Notice:  Undefined variable: db in /home/batch/number_history.php on line 228
PHP Warning:  mysqli_close() expects parameter 1 to be mysqli, null given in /home/batch/number_history.php on line 228
2018-01-25 01:00:01 실행 
save_number_history : true
 success update_user_gamePHP Notice:  Undefined variable: db in /home/batch/number_history.php on line 228
PHP Warning:  mysqli_close() expects parameter 1 to be mysqli, null given in /home/batch/number_history.php on line 228
2018-01-25 01:05:01 실행 
save_number_history : true
 success update_user_gamePHP Notice:  Undefined variable: db in /home/batch/number_history.php on line 228
PHP Warning:  mysqli_close() expects parameter 1 to be mysqli, null given in /home/batch/number_history.php on line 228
2018-01-25 01:10:01 실행 
save_number_history : true
 success update_user_gamePHP Notice:  Undefined variable: db in /home/batch/number_history.php on line 228
PHP Warning:  mysqli_close() expects parameter 1 to be mysqli, null given in /home/batch/number_history.php on line 228
2018-01-27 01:00:01 실행 
save_number_history : true
 success update_user_gamePHP Notice:  Undefined variable: db in /home/batch/number_history.php on line 228
PHP Warning:  mysqli_close() expects parameter 1 to be mysqli, null given in /home/batch/number_history.php on line 228
2018-01-27 01:05:01 실행 
save_number_history : true
 success update_user_gamePHP Notice:  Undefined variable: db in /home/batch/number_history.php on line 228
PHP Warning:  mysqli_close() expects parameter 1 to be mysqli, null given in /home/batch/number_history.php on line 228
2018-01-27 01:10:01 실행 
save_number_history : true
 success update_user_gamePHP Notice:  Undefined variable: db in /home/batch/number_history.php on line 228
PHP Warning:  mysqli_close() expects parameter 1 to be mysqli, null given in /home/batch/number_history.php on line 228
2018-01-28 01:00:01 실행 
save_number_history : true
 success update_user_gamePHP Notice:  Undefined variable: db in /home/batch/number_history.php on line 228
PHP Warning:  mysqli_close() expects parameter 1 to be mysqli, null given in /home/batch/number_history.php on line 228
2018-01-28 01:05:01 실행 
save_number_history : true
 success update_user_gamePHP Notice:  Undefined variable: db in /home/batch/number_history.php on line 228
PHP Warning:  mysqli_close() expects parameter 1 to be mysqli, null given in /home/batch/number_history.php on line 228
2018-01-28 01:10:01 실행 
save_number_history : true
 success update_user_gamePHP Notice:  Undefined variable: db in /home/batch/number_history.php on line 228
PHP Warning:  mysqli_close() expects parameter 1 to be mysqli, null given in /home/batch/number_history.php on line 228
2018-01-31 01:00:01 실행 
save_number_history : true
 success update_user_gamePHP Notice:  Undefined variable: db in /home/batch/number_history.php on line 228
PHP Warning:  mysqli_close() expects parameter 1 to be mysqli, null given in /home/batch/number_history.php on line 228
2018-01-31 01:05:01 실행 
save_number_history : true
 success update_user_gamePHP Notice:  Undefined variable: db in /home/batch/number_history.php on line 228
PHP Warning:  mysqli_close() expects parameter 1 to be mysqli, null given in /home/batch/number_history.php on line 228
2018-01-31 01:10:01 실행 
save_number_history : true
 success update_user_gamePHP Notice:  Undefined variable: db in /home/batch/number_history.php on line 228
PHP Warning:  mysqli_close() expects parameter 1 to be mysqli, null given in /home/batch/number_history.php on line 228
2018-02-01 01:00:02 실행 
save_number_history : true
 success update_user_gamePHP Notice:  Undefined variable: db in /home/batch/number_history.php on line 228
PHP Warning:  mysqli_close() expects parameter 1 to be mysqli, null given in /home/batch/number_history.php on line 228
2018-02-01 01:05:01 실행 
save_number_history : true
 success update_user_gamePHP Notice:  Undefined variable: db in /home/batch/number_history.php on line 228
PHP Warning:  mysqli_close() expects parameter 1 to be mysqli, null given in /home/batch/number_history.php on line 228
2018-02-01 01:10:01 실행 
save_number_history : true
 success update_user_gamePHP Notice:  Undefined variable: db in /home/batch/number_history.php on line 228
PHP Warning:  mysqli_close() expects parameter 1 to be mysqli, null given in /home/batch/number_history.php on line 228
2018-02-03 01:00:01 실행 
save_number_history : true
 success update_user_gamePHP Notice:  Undefined variable: db in /home/batch/number_history.php on line 228
PHP Warning:  mysqli_close() expects parameter 1 to be mysqli, null given in /home/batch/number_history.php on line 228
2018-02-03 01:05:01 실행 
save_number_history : true
 success update_user_gamePHP Notice:  Undefined variable: db in /home/batch/number_history.php on line 228
PHP Warning:  mysqli_close() expects parameter 1 to be mysqli, null given in /home/batch/number_history.php on line 228
2018-02-03 01:10:01 실행 
save_number_history : true
 success update_user_gamePHP Notice:  Undefined variable: db in /home/batch/number_history.php on line 228
PHP Warning:  mysqli_close() expects parameter 1 to be mysqli, null given in /home/batch/number_history.php on line 228
2018-02-04 01:00:01 실행 
save_number_history : true
 success update_user_gamePHP Notice:  Undefined variable: db in /home/batch/number_history.php on line 228
PHP Warning:  mysqli_close() expects parameter 1 to be mysqli, null given in /home/batch/number_history.php on line 228
2018-02-04 01:05:01 실행 
save_number_history : true
 success update_user_gamePHP Notice:  Undefined variable: db in /home/batch/number_history.php on line 228
PHP Warning:  mysqli_close() expects parameter 1 to be mysqli, null given in /home/batch/number_history.php on line 228
2018-02-04 01:10:01 실행 
save_number_history : true
 success update_user_gamePHP Notice:  Undefined variable: db in /home/batch/number_history.php on line 228
PHP Warning:  mysqli_close() expects parameter 1 to be mysqli, null given in /home/batch/number_history.php on line 228
2018-02-07 01:00:01 실행 
save_number_history : true
 success update_user_gamePHP Notice:  Undefined variable: db in /home/batch/number_history.php on line 228
PHP Warning:  mysqli_close() expects parameter 1 to be mysqli, null given in /home/batch/number_history.php on line 228
2018-02-07 01:05:01 실행 
save_number_history : true
 success update_user_gamePHP Notice:  Undefined variable: db in /home/batch/number_history.php on line 228
PHP Warning:  mysqli_close() expects parameter 1 to be mysqli, null given in /home/batch/number_history.php on line 228
2018-02-07 01:10:01 실행 
save_number_history : true
 success update_user_gamePHP Notice:  Undefined variable: db in /home/batch/number_history.php on line 228
PHP Warning:  mysqli_close() expects parameter 1 to be mysqli, null given in /home/batch/number_history.php on line 228
2018-02-08 01:00:01 실행 
save_number_history : true
 success update_user_gamePHP Notice:  Undefined variable: db in /home/batch/number_history.php on line 228
PHP Warning:  mysqli_close() expects parameter 1 to be mysqli, null given in /home/batch/number_history.php on line 228
2018-02-08 01:05:01 실행 
save_number_history : true
 success update_user_gamePHP Notice:  Undefined variable: db in /home/batch/number_history.php on line 228
PHP Warning:  mysqli_close() expects parameter 1 to be mysqli, null given in /home/batch/number_history.php on line 228
2018-02-08 01:10:01 실행 
save_number_history : true
 success update_user_gamePHP Notice:  Undefined variable: db in /home/batch/number_history.php on line 228
PHP Warning:  mysqli_close() expects parameter 1 to be mysqli, null given in /home/batch/number_history.php on line 228
2018-02-10 01:00:01 실행 
save_number_history : true
 success update_user_gamePHP Notice:  Undefined variable: db in /home/batch/number_history.php on line 228
PHP Warning:  mysqli_close() expects parameter 1 to be mysqli, null given in /home/batch/number_history.php on line 228
2018-02-10 01:05:01 실행 
save_number_history : true
 success update_user_gamePHP Notice:  Undefined variable: db in /home/batch/number_history.php on line 228
PHP Warning:  mysqli_close() expects parameter 1 to be mysqli, null given in /home/batch/number_history.php on line 228
2018-02-10 01:10:01 실행 
save_number_history : true
 success update_user_gamePHP Notice:  Undefined variable: db in /home/batch/number_history.php on line 228
PHP Warning:  mysqli_close() expects parameter 1 to be mysqli, null given in /home/batch/number_history.php on line 228
2018-02-11 01:00:02 실행 
save_number_history : true
 success update_user_gamePHP Notice:  Undefined variable: db in /home/batch/number_history.php on line 228
PHP Warning:  mysqli_close() expects parameter 1 to be mysqli, null given in /home/batch/number_history.php on line 228
2018-02-11 01:05:01 실행 
save_number_history : true
 success update_user_gamePHP Notice:  Undefined variable: db in /home/batch/number_history.php on line 228
PHP Warning:  mysqli_close() expects parameter 1 to be mysqli, null given in /home/batch/number_history.php on line 228
2018-02-11 01:10:01 실행 
save_number_history : true
 success update_user_gamePHP Notice:  Undefined variable: db in /home/batch/number_history.php on line 228
PHP Warning:  mysqli_close() expects parameter 1 to be mysqli, null given in /home/batch/number_history.php on line 228
2018-02-14 01:00:02 실행 
save_number_history : true
 success update_user_gamePHP Notice:  Undefined variable: db in /home/batch/number_history.php on line 228
PHP Warning:  mysqli_close() expects parameter 1 to be mysqli, null given in /home/batch/number_history.php on line 228
2018-02-14 01:05:01 실행 
save_number_history : true
 success update_user_gamePHP Notice:  Undefined variable: db in /home/batch/number_history.php on line 228
PHP Warning:  mysqli_close() expects parameter 1 to be mysqli, null given in /home/batch/number_history.php on line 228
2018-02-14 01:10:01 실행 
save_number_history : true
 success update_user_gamePHP Notice:  Undefined variable: db in /home/batch/number_history.php on line 228
PHP Warning:  mysqli_close() expects parameter 1 to be mysqli, null given in /home/batch/number_history.php on line 228
2018-02-15 01:00:01 실행 
save_number_history : true
 success update_user_gamePHP Notice:  Undefined variable: db in /home/batch/number_history.php on line 228
PHP Warning:  mysqli_close() expects parameter 1 to be mysqli, null given in /home/batch/number_history.php on line 228
2018-02-15 01:05:01 실행 
save_number_history : true
 success update_user_gamePHP Notice:  Undefined variable: db in /home/batch/number_history.php on line 228
PHP Warning:  mysqli_close() expects parameter 1 to be mysqli, null given in /home/batch/number_history.php on line 228
2018-02-15 01:10:01 실행 
save_number_history : true
 success update_user_gamePHP Notice:  Undefined variable: db in /home/batch/number_history.php on line 228
PHP Warning:  mysqli_close() expects parameter 1 to be mysqli, null given in /home/batch/number_history.php on line 228
2018-02-17 01:00:01 실행 
save_number_history : true
 success update_user_gamePHP Notice:  Undefined variable: db in /home/batch/number_history.php on line 228
PHP Warning:  mysqli_close() expects parameter 1 to be mysqli, null given in /home/batch/number_history.php on line 228
2018-02-17 01:05:01 실행 
save_number_history : true
 success update_user_gamePHP Notice:  Undefined variable: db in /home/batch/number_history.php on line 228
PHP Warning:  mysqli_close() expects parameter 1 to be mysqli, null given in /home/batch/number_history.php on line 228
2018-02-17 01:10:01 실행 
save_number_history : true
 success update_user_gamePHP Notice:  Undefined variable: db in /home/batch/number_history.php on line 228
PHP Warning:  mysqli_close() expects parameter 1 to be mysqli, null given in /home/batch/number_history.php on line 228
2018-02-18 01:00:01 실행 
save_number_history : true
 success update_user_gamePHP Notice:  Undefined variable: db in /home/batch/number_history.php on line 228
PHP Warning:  mysqli_close() expects parameter 1 to be mysqli, null given in /home/batch/number_history.php on line 228
2018-02-18 01:05:01 실행 
save_number_history : true
 success update_user_gamePHP Notice:  Undefined variable: db in /home/batch/number_history.php on line 228
PHP Warning:  mysqli_close() expects parameter 1 to be mysqli, null given in /home/batch/number_history.php on line 228
2018-02-18 01:10:01 실행 
save_number_history : true
 success update_user_gamePHP Notice:  Undefined variable: db in /home/batch/number_history.php on line 228
PHP Warning:  mysqli_close() expects parameter 1 to be mysqli, null given in /home/batch/number_history.php on line 228
2018-02-21 01:00:01 실행 
save_number_history : true
 success update_user_gamePHP Notice:  Undefined variable: db in /home/batch/number_history.php on line 228
PHP Warning:  mysqli_close() expects parameter 1 to be mysqli, null given in /home/batch/number_history.php on line 228
2018-02-21 01:05:01 실행 
save_number_history : true
 success update_user_gamePHP Notice:  Undefined variable: db in /home/batch/number_history.php on line 228
PHP Warning:  mysqli_close() expects parameter 1 to be mysqli, null given in /home/batch/number_history.php on line 228
2018-02-21 01:10:01 실행 
save_number_history : true
 success update_user_gamePHP Notice:  Undefined variable: db in /home/batch/number_history.php on line 228
PHP Warning:  mysqli_close() expects parameter 1 to be mysqli, null given in /home/batch/number_history.php on line 228
2018-02-22 01:00:01 실행 
save_number_history : true
 success update_user_gamePHP Notice:  Undefined variable: db in /home/batch/number_history.php on line 228
PHP Warning:  mysqli_close() expects parameter 1 to be mysqli, null given in /home/batch/number_history.php on line 228
2018-02-22 01:05:01 실행 
save_number_history : true
 success update_user_gamePHP Notice:  Undefined variable: db in /home/batch/number_history.php on line 228
PHP Warning:  mysqli_close() expects parameter 1 to be mysqli, null given in /home/batch/number_history.php on line 228
2018-02-22 01:10:01 실행 
save_number_history : true
 success update_user_gamePHP Notice:  Undefined variable: db in /home/batch/number_history.php on line 228
PHP Warning:  mysqli_close() expects parameter 1 to be mysqli, null given in /home/batch/number_history.php on line 228
2018-02-24 01:00:01 실행 
save_number_history : true
 success update_user_gamePHP Notice:  Undefined variable: db in /home/batch/number_history.php on line 228
PHP Warning:  mysqli_close() expects parameter 1 to be mysqli, null given in /home/batch/number_history.php on line 228
2018-02-24 01:05:01 실행 
save_number_history : true
 success update_user_gamePHP Notice:  Undefined variable: db in /home/batch/number_history.php on line 228
PHP Warning:  mysqli_close() expects parameter 1 to be mysqli, null given in /home/batch/number_history.php on line 228
2018-02-24 01:10:01 실행 
save_number_history : true
 success update_user_gamePHP Notice:  Undefined variable: db in /home/batch/number_history.php on line 228
PHP Warning:  mysqli_close() expects parameter 1 to be mysqli, null given in /home/batch/number_history.php on line 228
2018-02-25 01:00:01 실행 
save_number_history : true
 success update_user_gamePHP Notice:  Undefined variable: db in /home/batch/number_history.php on line 228
PHP Warning:  mysqli_close() expects parameter 1 to be mysqli, null given in /home/batch/number_history.php on line 228
2018-02-25 01:05:01 실행 
save_number_history : true
 success update_user_gamePHP Notice:  Undefined variable: db in /home/batch/number_history.php on line 228
PHP Warning:  mysqli_close() expects parameter 1 to be mysqli, null given in /home/batch/number_history.php on line 228
2018-02-25 01:10:01 실행 
save_number_history : true
 success update_user_gamePHP Notice:  Undefined variable: db in /home/batch/number_history.php on line 228
PHP Warning:  mysqli_close() expects parameter 1 to be mysqli, null given in /home/batch/number_history.php on line 228
2018-02-28 01:00:01 실행 
save_number_history : true
 success update_user_gamePHP Notice:  Undefined variable: db in /home/batch/number_history.php on line 228
PHP Warning:  mysqli_close() expects parameter 1 to be mysqli, null given in /home/batch/number_history.php on line 228
2018-02-28 01:05:01 실행 
save_number_history : true
 success update_user_gamePHP Notice:  Undefined variable: db in /home/batch/number_history.php on line 228
PHP Warning:  mysqli_close() expects parameter 1 to be mysqli, null given in /home/batch/number_history.php on line 228
2018-02-28 01:10:01 실행 
save_number_history : true
 success update_user_gamePHP Notice:  Undefined variable: db in /home/batch/number_history.php on line 228
PHP Warning:  mysqli_close() expects parameter 1 to be mysqli, null given in /home/batch/number_history.php on line 228
2018-03-01 01:00:01 실행 
save_number_history : true
 success update_user_game2018-03-01 01:05:01 실행 
save_number_history : true
 success update_user_game2018-03-01 01:10:01 실행 
save_number_history : true
 success update_user_game2018-03-03 01:00:01 실행 
save_number_history : true
 success update_user_game2018-03-03 01:05:01 실행 
save_number_history : true
 success update_user_game2018-03-03 01:10:01 실행 
save_number_history : true
 success update_user_game2018-03-04 01:00:01 실행 
save_number_history : true
 success update_user_game2018-03-04 01:05:01 실행 
save_number_history : true
 success update_user_game2018-03-04 01:10:01 실행 
save_number_history : true
 success update_user_game2018-03-07 01:00:01 실행 
save_number_history : true
 success update_user_game
 success update_user_lottopick2018-03-07 01:05:01 실행 
save_number_history : true
 success update_user_game
 success update_user_lottopick2018-03-07 01:10:01 실행 
save_number_history : true
 success update_user_game
 success update_user_lottopick2018-03-08 00:15:01 실행 
save_number_history : false2018-03-08 00:55:01 실행 
save_number_history : false2018-03-10 00:15:01 실행 
save_number_history : true
 success update_user_game
 success update_user_lottopick
=========================
2018-03-10 00:55:01 실행 
save_number_history : true
 success update_user_game
 success update_user_lottopick
=========================
2018-03-11 00:15:01 실행 
save_number_history : false
=========================
2018-03-11 00:55:01 실행 
save_number_history : false
=========================
2018-03-14 00:55:01 실행 
save_number_history : true
 success update_user_game
 success update_user_lottopick
=========================
2018-03-14 00:59:01 실행 
save_number_history : true
 success update_user_game
 success update_user_lottopick
=========================
2018-03-15 01:00:01 실행 
save_number_history : true
 success update_user_game
 success update_user_lottopick
=========================
2018-03-15 01:05:01 실행 
save_number_history : true
 success update_user_game
 success update_user_lottopick
=========================
2018-03-15 01:10:01 실행 
save_number_history : true
 success update_user_game
 success update_user_lottopick
=========================
2018-03-17 00:00:02 실행 
save_number_history : true
 success update_user_game
 success update_user_lottopick
=========================
2018-03-17 00:05:01 실행 
save_number_history : true
 success update_user_game
 success update_user_lottopick
=========================
2018-03-17 00:10:01 실행 
save_number_history : true
 success update_user_game
 success update_user_lottopick
=========================
2018-03-17 00:15:01 실행 
save_number_history : true
 success update_user_game
 success update_user_lottopick
=========================
2018-03-18 00:00:02 실행 
save_number_history : true
 success update_user_game
 success update_user_lottopick
=========================
2018-03-18 00:05:01 실행 
save_number_history : true
 success update_user_game
 success update_user_lottopick
=========================
2018-03-18 00:10:01 실행 
save_number_history : true
 success update_user_game
 success update_user_lottopick
=========================
2018-03-18 00:15:01 실행 
save_number_history : true
 success update_user_game
 success update_user_lottopick
=========================
