2018-03-06 14:00:01 실행 
2018-03-06 14:00:01 완료 
==============================
2018-03-07 14:00:01 실행 
game result : 2018-03-06
17 true 
my game result : 2018-03-06
18 true 
report : 2018-03-06
19 true 
lottopick : 1
16 true 
2018-03-07 14:00:01 완료 
==============================
2018-03-08 14:00:01 실행 
game result : 2018-03-07
17 true 
my game result : 2018-03-07
18 true 
report : 2018-03-07
19 true 
lottopick : 1
16 true 
==============================
2018-03-09 14:00:01 실행 
==============================
2018-03-10 14:00:01 실행 
==============================
2018-03-11 14:00:01 실행 
==============================
2018-03-12 14:00:01 실행 
==============================
2018-03-13 14:00:01 실행 
==============================
2018-03-14 14:00:01 실행 
game result : 2018-03-13
17 true 
my game result : 2018-03-13
18 true 
report : 2018-03-13
19 true 
lottopick : 3
16 true 
==============================
2018-03-15 13:00:01 실행 
game result : 2018-03-14
17 true 
my game result : 2018-03-14
18 true 
report : 2018-03-14
19 true 
lottopick : 3
16 true 
==============================
2018-03-16 13:00:01 실행 
==============================
2018-03-17 13:00:01 실행 
game result : 2018-03-16
17 true 
my game result : 2018-03-16
18 true 
report : 2018-03-16
19 true 
lottopick : 2
16 true 
==============================
2018-03-18 13:00:01 실행 
game result : 2018-03-17
17 true 
my game result : 2018-03-17
18 true 
report : 2018-03-17
19 true 
lottopick : 2
16 true 
==============================
