PHP Fatal error:  Call to a member function fetch_assoc() on boolean in /home/batch/tokens_issued.php on line 26
PHP Fatal error:  Call to a member function fetch_assoc() on boolean in /home/batch/tokens_issued.php on line 26
true count : 1
fail count : 0
success member_tokens_issued
true count : 0
fail count : 0

true count : 0
fail count : 0

true count : 0
fail count : 0

true count : 0
fail count : 0

true count : 0
fail count : 0

true count : 0
fail count : 0

true count : 1
fail count : 0
success member_tokens_issued
true count : 0
fail count : 0

true count : 0
fail count : 0

true count : 1
fail count : 0
success member_tokens_issued
true count : 0
fail count : 0

true count : 1
fail count : 0
success member_tokens_issued
true count : 0
fail count : 0

true count : 1
fail count : 0
success member_tokens_issued
true count : 0
fail count : 0

true count : 0
fail count : 0

true count : 1
fail count : 0
success member_tokens_issued
true count : 0
fail count : 0

true count : 1
fail count : 0
success member_tokens_issued
true count : 0
fail count : 0

true count : 0
fail count : 0

true count : 0
fail count : 0

true count : 0
fail count : 0

true count : 1
fail count : 0
success member_tokens_issued
true count : 0
fail count : 0

true count : 1
fail count : 0
success member_tokens_issued
true count : 0
fail count : 0

true count : 0
fail count : 0

true count : 0
fail count : 0

true count : 0
fail count : 0

true count : 0
fail count : 0

true count : 0
fail count : 0

true count : 1
fail count : 0
success member_tokens_issued
true count : 0
fail count : 0

true count : 0
fail count : 0

true count : 0
fail count : 0

true count : 0
fail count : 0

true count : 0
fail count : 0

true count : 0
fail count : 0

true count : 2
fail count : 0
success member_tokens_issued
true count : 0
fail count : 0

true count : 0
fail count : 0

true count : 0
fail count : 0

true count : 0
fail count : 0

true count : 0
fail count : 0

true count : 0
fail count : 0
==============================

true count : 2
fail count : 0
success member_tokens_issued==============================

true count : 0
fail count : 0
==============================

2018-03-09 01:00:01 실행 
true count : 0
fail count : 0

==============================

2018-03-10 01:00:01 실행 
true count : 0
fail count : 0

==============================

2018-03-11 01:00:01 실행 
true count : 0
fail count : 0

==============================

2018-03-12 01:00:01 실행 
true count : 0
fail count : 0

==============================

2018-03-13 01:00:01 실행 
true count : 0
fail count : 0

==============================

2018-03-14 01:00:01 실행 
true count : 2
fail count : 0
success member_tokens_issued
==============================

2018-03-15 01:00:01 실행 
true count : 0
fail count : 0

==============================

2018-03-16 00:00:01 실행 
true count : 0
fail count : 0

==============================

2018-03-17 00:00:02 실행 
true count : 1
fail count : 0
success member_tokens_issued
==============================

2018-03-18 00:00:02 실행 
true count : 0
fail count : 0

==============================

2018-03-19 00:00:01 실행 
true count : 0
fail count : 0

==============================

