game : mm
drawDt : 2018-03-06
nextDrawDt : 2018-03-10
est_jackpot : 290000000
est_cashvalue : 172100000
===========================
2018-03-08 02:00:01 실행 
game : pb
drawDt : 2018-03-07
nextDrawDt : 2018-03-10
est_jackpot : 385000000
est_cashvalue : 229000000
===========================
2018-03-08 02:10:01 실행 
game : pb
drawDt : 2018-03-07
nextDrawDt : 2018-03-10
est_jackpot : 385000000
est_cashvalue : 229000000
===========================
2018-03-10 02:00:01 실행 
game : mm
drawDt : 2018-03-09
nextDrawDt : 2018-03-13
est_jackpot : 318000000
est_cashvalue : 187600000
===========================
2018-03-10 02:10:02 실행 
game : mm
drawDt : 2018-03-09
nextDrawDt : 2018-03-13
est_jackpot : 318000000
est_cashvalue : 187600000
===========================
2018-03-11 03:00:01 실행 
game : pb
drawDt : 2018-03-10
nextDrawDt : 2018-03-15
est_jackpot : 420000000
est_cashvalue : 248000000
===========================
2018-03-11 03:10:01 실행 
game : pb
drawDt : 2018-03-10
nextDrawDt : 2018-03-15
est_jackpot : 420000000
est_cashvalue : 248000000
===========================
2018-03-14 02:00:01 실행 
game : mm
drawDt : 2018-03-13
nextDrawDt : 2018-03-16
est_jackpot : 345000000
est_cashvalue : 205300000
===========================
2018-03-14 02:10:01 실행 
game : mm
drawDt : 2018-03-13
nextDrawDt : 2018-03-16
est_jackpot : 345000000
est_cashvalue : 205300000
===========================
2018-03-17 01:00:01 실행 
game : mm
drawDt : 2018-03-16
nextDrawDt : 2018-03-20
est_jackpot : 377000000
est_cashvalue : 225700000
===========================
2018-03-17 01:10:01 실행 
game : mm
drawDt : 2018-03-16
nextDrawDt : 2018-03-20
est_jackpot : 377000000
est_cashvalue : 225700000
===========================
2018-03-18 01:00:01 실행 
game : pb
drawDt : 2018-03-17
nextDrawDt : 2018-03-21
est_jackpot : 40000000
est_cashvalue : 24000000
===========================
2018-03-18 01:10:01 실행 
game : pb
drawDt : 2018-03-17
nextDrawDt : 2018-03-21
est_jackpot : 40000000
est_cashvalue : 24000000
===========================
